<?xml version="1.0" encoding="UTF-8"?>
<testng-results ignored="0" total="1" passed="1" failed="0" skipped="0">
  <reporter-output>
  </reporter-output>
  <suite started-at="2023-11-09T11:15:33 EST" name="Default suite" finished-at="2023-11-09T11:15:55 EST" duration-ms="21970">
    <groups>
    </groups>
    <test started-at="2023-11-09T11:15:33 EST" name="Default test" finished-at="2023-11-09T11:15:55 EST" duration-ms="21970">
      <class name="jayslabs.test.SubmitOrderTest">
        <test-method signature="submitOrder()[pri:0, instance:jayslabs.test.SubmitOrderTest@74f0ea28]" started-at="2023-11-09T11:15:33 EST" name="submitOrder" finished-at="2023-11-09T11:15:55 EST" duration-ms="21925" status="PASS">
          <reporter-output>
          </reporter-output>
        </test-method> <!-- submitOrder -->
      </class> <!-- jayslabs.test.SubmitOrderTest -->
    </test> <!-- Default test -->
  </suite> <!-- Default suite -->
</testng-results>
